#
# There is insufficient memory for the Java Runtime Environment to continue.
# Native memory allocation (malloc) failed to allocate 219456 bytes for Chunk::new
# Possible reasons:
#   The system is out of physical RAM or swap space
#   The process is running with CompressedOops enabled, and the Java Heap may be blocking the growth of the native heap
# Possible solutions:
#   Reduce memory load on the system
#   Increase physical memory or swap space
#   Check if swap backing store is full
#   Decrease Java heap size (-Xmx/-Xms)
#   Decrease number of Java threads
#   Decrease Java thread stack sizes (-Xss)
#   Set larger code cache with -XX:ReservedCodeCacheSize=
#   JVM is running with Unscaled Compressed Oops mode in which the Java heap is
#     placed in the first 4GB address space. The Java Heap base address is the
#     maximum limit for the native heap growth. Please use -XX:HeapBaseMinAddress
#     to set the Java Heap base and to place the Java Heap above 4GB virtual address.
# This output file may be truncated or incomplete.
#
#  Out of Memory Error (allocation.cpp:389), pid=2672, tid=0x00000000000021d0
#
# JRE version: Java(TM) SE Runtime Environment (8.0_221-b11) (build 1.8.0_221-b11)
# Java VM: Java HotSpot(TM) 64-Bit Server VM (25.221-b11 mixed mode windows-amd64 compressed oops)
# Failed to write core dump. Minidumps are not enabled by default on client versions of Windows
#

---------------  T H R E A D  ---------------

Current thread (0x0000000012b16800):  JavaThread "C2 CompilerThread1" daemon [_thread_in_native, id=8656, stack(0x0000000014260000,0x0000000014360000)]

Stack: [0x0000000014260000,0x0000000014360000]
[error occurred during error reporting (printing stack bounds), id 0xc0000005]

Native frames: (J=compiled Java code, j=interpreted, Vv=VM code, C=native code)


Current CompileTask:
C2:   2142  587   !   4       sun.misc.URLClassPath$JarLoader::getResource (85 bytes)


---------------  P R O C E S S  ---------------

Java Threads: ( => current thread )
  0x0000000014ef8800 JavaThread "pool-1-thread-1" [_thread_in_vm, id=16764, stack(0x0000000016590000,0x0000000016690000)]
  0x0000000012b6e000 JavaThread "Service Thread" daemon [_thread_blocked, id=14348, stack(0x0000000014860000,0x0000000014960000)]
  0x0000000012b1d000 JavaThread "C1 CompilerThread2" daemon [_thread_in_native, id=5860, stack(0x0000000014360000,0x0000000014460000)]
=>0x0000000012b16800 JavaThread "C2 CompilerThread1" daemon [_thread_in_native, id=8656, stack(0x0000000014260000,0x0000000014360000)]
  0x0000000012b13800 JavaThread "C2 CompilerThread0" daemon [_thread_in_native, id=6784, stack(0x0000000014160000,0x0000000014260000)]
  0x0000000012b12000 JavaThread "Attach Listener" daemon [_thread_blocked, id=17172, stack(0x0000000014060000,0x0000000014160000)]
  0x0000000012b11000 JavaThread "Signal Dispatcher" daemon [_thread_blocked, id=4628, stack(0x0000000013f60000,0x0000000014060000)]
  0x0000000012afb000 JavaThread "Finalizer" daemon [_thread_blocked, id=2128, stack(0x0000000013d60000,0x0000000013e60000)]
  0x0000000002734000 JavaThread "Reference Handler" daemon [_thread_blocked, id=11092, stack(0x0000000013c60000,0x0000000013d60000)]
  0x0000000002642800 JavaThread "main" [_thread_in_vm, id=3428, stack(0x0000000002540000,0x0000000002640000)]

Other Threads:
  0x0000000012ad7000 VMThread [stack: 0x0000000013b60000,0x0000000013c60000] [id=13668]
  0x00000000144af000 WatcherThread [stack: 0x0000000014960000,0x0000000014a60000] [id=11404]

VM state:not at safepoint (normal execution)

VM Mutex/Monitor currently owned by a thread: None

heap address: 0x00000000fc000000, size: 64 MB, Compressed Oops mode: 32-bit
Narrow klass base: 0x0000000000000000, Narrow klass shift: 3
Compressed class space size: 1073741824 Address: 0x0000000100000000

Heap:
 PSYoungGen      total 18944K, used 13703K [0x00000000feb00000, 0x0000000100000000, 0x0000000100000000)
  eden space 16384K, 68% used [0x00000000feb00000,0x00000000ff5e54f0,0x00000000ffb00000)
  from space 2560K, 99% used [0x00000000ffb00000,0x00000000ffd7c8a8,0x00000000ffd80000)
  to   space 2560K, 0% used [0x00000000ffd80000,0x00000000ffd80000,0x0000000100000000)
 ParOldGen       total 44032K, used 51K [0x00000000fc000000, 0x00000000feb00000, 0x00000000feb00000)
  object space 44032K, 0% used [0x00000000fc000000,0x00000000fc00cf50,0x00000000feb00000)
 Metaspace       used 8447K, capacity 8690K, committed 8960K, reserved 1056768K
  class space    used 1097K, capacity 1174K, committed 1280K, reserved 1048576K

Card table byte_map: [0x0000000011b00000,0x0000000011b30000] byte_map_base: 0x0000000011320000

Marking Bits: (ParMarkBitMap*) 0x00000000588b5ce0
 Begin Bits: [0x0000000011f50000, 0x0000000012050000)
 End Bits:   [0x0000000012050000, 0x0000000012150000)

Polling page: 0x0000000000d30000

CodeCache: size=245760Kb used=2602Kb max_used=2602Kb free=243157Kb
 bounds [0x0000000002740000, 0x00000000029d0000, 0x0000000011740000]
 total_blobs=930 nmethods=595 adapters=248
 compilation: enabled

Compilation events (10 events):
Event: 2.041 Thread 0x0000000012b1d000  593       3       sun.misc.URLClassPath$JarLoader$2::getInputStream (15 bytes)
Event: 2.041 Thread 0x0000000012b1d000 nmethod 593 0x00000000029c7c90 code [0x00000000029c7e00, 0x00000000029c8028]
Event: 2.041 Thread 0x0000000012b1d000  594       3       sun.misc.URLClassPath$JarLoader$2::getContentLength (9 bytes)
Event: 2.042 Thread 0x0000000012b1d000 nmethod 594 0x00000000029c8110 code [0x00000000029c8280, 0x00000000029c84b0]
Event: 2.042 Thread 0x0000000012b1d000  595   !   3       java.util.jar.JarFile$JarFileEntry::getCodeSigners (78 bytes)
Event: 2.043 Thread 0x0000000012b1d000 nmethod 595 0x00000000029c8590 code [0x00000000029c8760, 0x00000000029c8d58]
Event: 2.043 Thread 0x0000000012b1d000  596       3       java.util.jar.JarFile::access$200 (5 bytes)
Event: 2.043 Thread 0x0000000012b1d000 nmethod 596 0x00000000029c8fd0 code [0x00000000029c9140, 0x00000000029c92a8]
Event: 2.043 Thread 0x0000000012b1d000  597   !   3       java.lang.ClassLoader::checkCerts (195 bytes)
Event: 2.045 Thread 0x0000000012b1d000 nmethod 597 0x00000000029c9350 code [0x00000000029c9600, 0x00000000029cac58]

GC Heap History (2 events):
Event: 1.171 GC heap before
{Heap before GC invocations=1 (full 0):
 PSYoungGen      total 18944K, used 16384K [0x00000000feb00000, 0x0000000100000000, 0x0000000100000000)
  eden space 16384K, 100% used [0x00000000feb00000,0x00000000ffb00000,0x00000000ffb00000)
  from space 2560K, 0% used [0x00000000ffd80000,0x00000000ffd80000,0x0000000100000000)
  to   space 2560K, 0% used [0x00000000ffb00000,0x00000000ffb00000,0x00000000ffd80000)
 ParOldGen       total 44032K, used 0K [0x00000000fc000000, 0x00000000feb00000, 0x00000000feb00000)
  object space 44032K, 0% used [0x00000000fc000000,0x00000000fc000000,0x00000000feb00000)
 Metaspace       used 5848K, capacity 6112K, committed 6272K, reserved 1056768K
  class space    used 733K, capacity 800K, committed 896K, reserved 1048576K
Event: 1.176 GC heap after
Heap after GC invocations=1 (full 0):
 PSYoungGen      total 18944K, used 2546K [0x00000000feb00000, 0x0000000100000000, 0x0000000100000000)
  eden space 16384K, 0% used [0x00000000feb00000,0x00000000feb00000,0x00000000ffb00000)
  from space 2560K, 99% used [0x00000000ffb00000,0x00000000ffd7c8a8,0x00000000ffd80000)
  to   space 2560K, 0% used [0x00000000ffd80000,0x00000000ffd80000,0x0000000100000000)
 ParOldGen       total 44032K, used 51K [0x00000000fc000000, 0x00000000feb00000, 0x00000000feb00000)
  object space 44032K, 0% used [0x00000000fc000000,0x00000000fc00cf50,0x00000000feb00000)
 Metaspace       used 5848K, capacity 6112K, committed 6272K, reserved 1056768K
  class space    used 733K, capacity 800K, committed 896K, reserved 1048576K
}

Deoptimization events (2 events):
Event: 0.804 Thread 0x0000000002642800 Uncommon trap: reason=unstable_if action=reinterpret pc=0x00000000028d2538 method=java.lang.String.startsWith(Ljava/lang/String;I)Z @ 25
Event: 1.270 Thread 0x0000000002642800 Uncommon trap: reason=unstable_if action=reinterpret pc=0x000000000295ace4 method=sun.misc.MetaIndex.mayContain(Ljava/lang/String;)Z @ 38

Classes redefined (0 events):
No events

Internal exceptions (10 events):
Event: 0.726 Thread 0x0000000002642800 Exception <a 'java/security/PrivilegedActionException'> (0x00000000ff218bb8) thrown at [C:\re\workspace\8-2-build-windows-amd64-cygwin\jdk8u221\13320\hotspot\src\share\vm\prims\jvm.cpp, line 1502]
Event: 0.726 Thread 0x0000000002642800 Exception <a 'java/security/PrivilegedActionException'> (0x00000000ff218dc8) thrown at [C:\re\workspace\8-2-build-windows-amd64-cygwin\jdk8u221\13320\hotspot\src\share\vm\prims\jvm.cpp, line 1502]
Event: 0.727 Thread 0x0000000002642800 Exception <a 'java/security/PrivilegedActionException'> (0x00000000ff21ccd8) thrown at [C:\re\workspace\8-2-build-windows-amd64-cygwin\jdk8u221\13320\hotspot\src\share\vm\prims\jvm.cpp, line 1502]
Event: 0.728 Thread 0x0000000002642800 Exception <a 'java/security/PrivilegedActionException'> (0x00000000ff21cee8) thrown at [C:\re\workspace\8-2-build-windows-amd64-cygwin\jdk8u221\13320\hotspot\src\share\vm\prims\jvm.cpp, line 1502]
Event: 0.976 Thread 0x0000000002642800 Exception <a 'java/lang/ArrayIndexOutOfBoundsException': 100> (0x00000000ff6cead8) thrown at [C:\re\workspace\8-2-build-windows-amd64-cygwin\jdk8u221\13320\hotspot\src\share\vm\interpreter\interpreterRuntime.cpp, line 368]
Event: 0.978 Thread 0x0000000002642800 Exception <a 'java/lang/ArrayIndexOutOfBoundsException': 18> (0x00000000ff6cfa10) thrown at [C:\re\workspace\8-2-build-windows-amd64-cygwin\jdk8u221\13320\hotspot\src\share\vm\interpreter\interpreterRuntime.cpp, line 368]
Event: 0.979 Thread 0x0000000002642800 Exception <a 'java/lang/ArrayIndexOutOfBoundsException'> (0x00000000ff6d0640) thrown at [C:\re\workspace\8-2-build-windows-amd64-cygwin\jdk8u221\13320\hotspot\src\share\vm\runtime\sharedRuntime.cpp, line 605]
Event: 1.193 Thread 0x0000000002642800 Exception <a 'java/lang/ArrayIndexOutOfBoundsException'> (0x00000000febb7030) thrown at [C:\re\workspace\8-2-build-windows-amd64-cygwin\jdk8u221\13320\hotspot\src\share\vm\runtime\sharedRuntime.cpp, line 605]
Event: 1.193 Thread 0x0000000002642800 Exception <a 'java/lang/ArrayIndexOutOfBoundsException'> (0x00000000febb7ef0) thrown at [C:\re\workspace\8-2-build-windows-amd64-cygwin\jdk8u221\13320\hotspot\src\share\vm\runtime\sharedRuntime.cpp, line 605]
Event: 2.036 Thread 0x0000000002642800 Exception <a 'java/lang/NoClassDefFoundError': org/slf4j/impl/StaticMarkerBinder> (0x00000000ff1da198) thrown at [C:\re\workspace\8-2-build-windows-amd64-cygwin\jdk8u221\13320\hotspot\src\share\vm\classfile\systemDictionary.cpp, line 199]

Events (10 events):
Event: 2.044 loading class org/gradle/launcher/exec/BuildActionExecuter
Event: 2.044 loading class org/gradle/launcher/exec/BuildActionExecuter done
Event: 2.044 loading class org/gradle/StartParameter
Event: 2.044 loading class org/gradle/StartParameter done
Event: 2.046 loading class org/gradle/api/internal/StartParameterInternal
Event: 2.046 loading class org/gradle/api/internal/StartParameterInternal done
Event: 2.047 loading class org/gradle/launcher/exec/BuildActionParameters
Event: 2.047 loading class org/gradle/launcher/exec/BuildActionParameters done
Event: 2.047 loading class org/gradle/internal/service/ServiceRegistryBuilder
Event: 2.047 loading class org/gradle/internal/service/ServiceRegistryBuilder done


Dynamic libraries:
0x00007ff68edf0000 - 0x00007ff68ee27000 	C:\Program Files\Java\jdk1.8.0_221\bin\java.exe
0x00007ffc13c40000 - 0x00007ffc13e30000 	C:\WINDOWS\SYSTEM32\ntdll.dll
0x00007ffc0cad0000 - 0x00007ffc0cae4000 	C:\Program Files\AVAST Software\Avast\aswhook.dll
0x00007ffc12170000 - 0x00007ffc12222000 	C:\WINDOWS\System32\KERNEL32.DLL
0x00007ffc10eb0000 - 0x00007ffc11153000 	C:\WINDOWS\System32\KERNELBASE.dll
0x00007ffc139b0000 - 0x00007ffc13a53000 	C:\WINDOWS\System32\ADVAPI32.dll
0x00007ffc11f50000 - 0x00007ffc11fee000 	C:\WINDOWS\System32\msvcrt.dll
0x00007ffc138e0000 - 0x00007ffc13977000 	C:\WINDOWS\System32\sechost.dll
0x00007ffc12cf0000 - 0x00007ffc12e10000 	C:\WINDOWS\System32\RPCRT4.dll
0x00007ffc12f70000 - 0x00007ffc13104000 	C:\WINDOWS\System32\USER32.dll
0x00007ffc11160000 - 0x00007ffc11181000 	C:\WINDOWS\System32\win32u.dll
0x00007ffc13980000 - 0x00007ffc139a6000 	C:\WINDOWS\System32\GDI32.dll
0x00007ffc113b0000 - 0x00007ffc11544000 	C:\WINDOWS\System32\gdi32full.dll
0x00007ffc11290000 - 0x00007ffc1132e000 	C:\WINDOWS\System32\msvcp_win.dll
0x00007ffc11190000 - 0x00007ffc1128a000 	C:\WINDOWS\System32\ucrtbase.dll
0x00007ffbf9690000 - 0x00007ffbf9915000 	C:\WINDOWS\WinSxS\amd64_microsoft.windows.common-controls_6595b64144ccf1df_6.0.18362.449_none_e6c7b265130c70a7\COMCTL32.dll
0x00007ffc13130000 - 0x00007ffc13466000 	C:\WINDOWS\System32\combase.dll
0x00007ffc11330000 - 0x00007ffc113b0000 	C:\WINDOWS\System32\bcryptPrimitives.dll
0x00007ffc11de0000 - 0x00007ffc11e0e000 	C:\WINDOWS\System32\IMM32.DLL
0x0000000059260000 - 0x0000000059332000 	C:\Program Files\Java\jdk1.8.0_221\jre\bin\msvcr100.dll
0x0000000058090000 - 0x0000000058935000 	C:\Program Files\Java\jdk1.8.0_221\jre\bin\server\jvm.dll
0x00007ffc11dd0000 - 0x00007ffc11dd8000 	C:\WINDOWS\System32\PSAPI.DLL
0x00007ffc00fe0000 - 0x00007ffc00fe9000 	C:\WINDOWS\SYSTEM32\WSOCK32.dll
0x00007ffc12100000 - 0x00007ffc1216f000 	C:\WINDOWS\System32\WS2_32.dll
0x00007ffc0cdf0000 - 0x00007ffc0ce14000 	C:\WINDOWS\SYSTEM32\WINMM.dll
0x00007ffc05e20000 - 0x00007ffc05e2a000 	C:\WINDOWS\SYSTEM32\VERSION.dll
0x00007ffc0cdc0000 - 0x00007ffc0cded000 	C:\WINDOWS\SYSTEM32\WINMMBASE.dll
0x00007ffc11600000 - 0x00007ffc1164a000 	C:\WINDOWS\System32\cfgmgr32.dll
0x00007ffc03960000 - 0x00007ffc0396f000 	C:\Program Files\Java\jdk1.8.0_221\jre\bin\verify.dll
0x00007ffbe4950000 - 0x00007ffbe4979000 	C:\Program Files\Java\jdk1.8.0_221\jre\bin\java.dll
0x00007ffbeed80000 - 0x00007ffbeed96000 	C:\Program Files\Java\jdk1.8.0_221\jre\bin\zip.dll
0x00007ffc12230000 - 0x00007ffc12915000 	C:\WINDOWS\System32\SHELL32.dll
0x00007ffc11ff0000 - 0x00007ffc12099000 	C:\WINDOWS\System32\shcore.dll
0x00007ffc11650000 - 0x00007ffc11dce000 	C:\WINDOWS\System32\windows.storage.dll
0x00007ffc10c00000 - 0x00007ffc10c1f000 	C:\WINDOWS\System32\profapi.dll
0x00007ffc10c20000 - 0x00007ffc10c6a000 	C:\WINDOWS\System32\powrprof.dll
0x00007ffc10bf0000 - 0x00007ffc10c00000 	C:\WINDOWS\System32\UMPDC.dll
0x00007ffc13a60000 - 0x00007ffc13ab2000 	C:\WINDOWS\System32\shlwapi.dll
0x00007ffc10c70000 - 0x00007ffc10c81000 	C:\WINDOWS\System32\kernel.appcore.dll
0x00007ffc10e90000 - 0x00007ffc10ea7000 	C:\WINDOWS\System32\cryptsp.dll
0x00007ffbe8aa0000 - 0x00007ffbe8aba000 	C:\Program Files\Java\jdk1.8.0_221\jre\bin\net.dll
0x00007ffc02440000 - 0x00007ffc02616000 	C:\WINDOWS\SYSTEM32\urlmon.dll
0x00007ffc02850000 - 0x00007ffc02af6000 	C:\WINDOWS\SYSTEM32\iertutil.dll
0x00007ffc10630000 - 0x00007ffc1063c000 	C:\WINDOWS\SYSTEM32\CRYPTBASE.DLL
0x00007ffc10460000 - 0x00007ffc104c7000 	C:\WINDOWS\system32\mswsock.dll
0x00007ffbe7c10000 - 0x00007ffbe7c22000 	C:\Program Files\Java\jdk1.8.0_221\jre\bin\nio.dll
0x00007ffbe4850000 - 0x00007ffbe4876000 	C:\Users\Mohammad Alviyan A\.gradle\native\29\windows-amd64\native-platform.dll
0x00007ffc0ffd0000 - 0x00007ffc10003000 	C:\WINDOWS\system32\rsaenh.dll
0x00007ffc10e60000 - 0x00007ffc10e86000 	C:\WINDOWS\System32\bcrypt.dll
0x00007ffc10ae0000 - 0x00007ffc10b05000 	C:\WINDOWS\SYSTEM32\USERENV.dll
0x00007ffc10170000 - 0x00007ffc101aa000 	C:\WINDOWS\SYSTEM32\IPHLPAPI.DLL
0x00007ffc13120000 - 0x00007ffc13128000 	C:\WINDOWS\System32\NSI.dll
0x00007ffc05f80000 - 0x00007ffc05f96000 	C:\WINDOWS\SYSTEM32\dhcpcsvc6.DLL
0x00007ffc06610000 - 0x00007ffc0662c000 	C:\WINDOWS\SYSTEM32\dhcpcsvc.DLL
0x00007ffc101c0000 - 0x00007ffc1028a000 	C:\WINDOWS\SYSTEM32\DNSAPI.dll
0x00007ffc06db0000 - 0x00007ffc06dba000 	C:\Users\Mohammad Alviyan A\.gradle\native\jansi\1.17.1\windows64\jansi-1.17.1-2883070060825992716.dll
0x00007ffc06da0000 - 0x00007ffc06daa000 	C:\Users\Mohammad Alviyan A\.gradle\native\jansi\1.17.1\windows64\jansi-1.17.1-6505520003874472881.dll
0x00007ffc02330000 - 0x00007ffc0233d000 	C:\Program Files\Java\jdk1.8.0_221\jre\bin\management.dll

VM Arguments:
jvm_args: -Xmx64m -Xms64m -Dorg.gradle.appname=gradlew 
java_command: org.gradle.wrapper.GradleWrapperMain app:installDebug -PreactNativeDevServerPort=8081
java_class_path (initial): D:\Arkademy_FazTrack\week 5 bootcamp\project\TanyaKabar\android\\gradle\wrapper\gradle-wrapper.jar
Launcher Type: SUN_STANDARD

Environment Variables:
JAVA_HOME=C:\Program Files\Java\jdk1.8.0_221
CLASSPATH=D:\Arkademy_FazTrack\week 5 bootcamp\project\TanyaKabar\android\\gradle\wrapper\gradle-wrapper.jar
PATH=C:\Python27\;C:\Python27\Scripts;C:\ProgramData\Oracle\Java\javapath;C:\WINDOWS\system32;C:\WINDOWS;C:\WINDOWS\System32\Wbem;C:\WINDOWS\System32\WindowsPowerShell\v1.0\;C:\Program Files (x86)\ATI Technologies\ATI.ACE\Core-Static;C:\Program Files (x86)\Git\cmd;C:\WINDOWS\System32\OpenSSH\;C:\Program Files (x86)\AMD\ATI.ACE\Core-Static;C:\xampp\php;C:\ProgramData\ComposerSetup\bin;C:\ProgramData\chocolatey\bin;C:\Program Files\Java\jdk1.8.0_221\bin;C:\Program Files\nodejs\;C:\Users\Mohammad Alviyan A\AppData\Local\Programs\Microsoft VS Code\bin;C:\Users\Mohammad Alviyan A\AppData\Local\Microsoft\WindowsApps;C:\Users\Mohammad Alviyan A\AppData\Roaming\Composer\vendor\bin;C:\Users\Mohammad Alviyan A\AppData\Local\Android\Sdk\platform-tools;C:\Users\Mohammad Alviyan A\AppData\Roaming\npm
USERNAME=Mohammad Alviyan A
OS=Windows_NT
PROCESSOR_IDENTIFIER=Intel64 Family 6 Model 69 Stepping 1, GenuineIntel



---------------  S Y S T E M  ---------------

OS: Windows 10.0 , 64 bit Build 18362 (10.0.18362.329)

CPU:total 4 (initial active 4) (2 cores per cpu, 2 threads per core) family 6 model 69 stepping 1, cmov, cx8, fxsr, mmx, sse, sse2, sse3, ssse3, sse4.1, sse4.2, popcnt, avx, avx2, aes, clmul, erms, lzcnt, ht, tsc, tscinvbit, bmi1, bmi2

Memory: 4k page, physical 4113368k(406184k free), swap 16696280k(1112k free)

vm_info: Java HotSpot(TM) 64-Bit Server VM (25.221-b11) for windows-amd64 JRE (1.8.0_221-b11), built on Jul  4 2019 04:39:29 by "java_re" with MS VC++ 10.0 (VS2010)

time: Sat Nov 16 05:06:05 2019
timezone: SE Asia Standard Time
elapsed time: 2 seconds (0d 0h 0m 2s)

