#
# There is insufficient memory for the Java Runtime Environment to continue.
# Native memory allocation (malloc) failed to allocate 1085936 bytes for Chunk::new
# Possible reasons:
#   The system is out of physical RAM or swap space
#   The process is running with CompressedOops enabled, and the Java Heap may be blocking the growth of the native heap
# Possible solutions:
#   Reduce memory load on the system
#   Increase physical memory or swap space
#   Check if swap backing store is full
#   Decrease Java heap size (-Xmx/-Xms)
#   Decrease number of Java threads
#   Decrease Java thread stack sizes (-Xss)
#   Set larger code cache with -XX:ReservedCodeCacheSize=
#   JVM is running with Unscaled Compressed Oops mode in which the Java heap is
#     placed in the first 4GB address space. The Java Heap base address is the
#     maximum limit for the native heap growth. Please use -XX:HeapBaseMinAddress
#     to set the Java Heap base and to place the Java Heap above 4GB virtual address.
# This output file may be truncated or incomplete.
#
#  Out of Memory Error (allocation.cpp:389), pid=14816, tid=0x00000000000036a0
#
# JRE version: Java(TM) SE Runtime Environment (8.0_221-b11) (build 1.8.0_221-b11)
# Java VM: Java HotSpot(TM) 64-Bit Server VM (25.221-b11 mixed mode windows-amd64 compressed oops)
# Failed to write core dump. Minidumps are not enabled by default on client versions of Windows
#

---------------  T H R E A D  ---------------

Current thread (0x0000000014361800):  JavaThread "C2 CompilerThread0" daemon [_thread_in_native, id=13984, stack(0x00000000159b0000,0x0000000015ab0000)]

Stack: [0x00000000159b0000,0x0000000015ab0000]
[error occurred during error reporting (printing stack bounds), id 0xc0000005]

Native frames: (J=compiled Java code, j=interpreted, Vv=VM code, C=native code)


Current CompileTask:
C2:36054701 27189       4       com.android.utils.XmlUtils::append (540 bytes)


---------------  P R O C E S S  ---------------

Java Threads: ( => current thread )
  0x000000001f5b5000 JavaThread "stdout" daemon [_thread_in_native, id=13684, stack(0x0000000028980000,0x0000000028a80000)]
  0x000000001f5b8000 JavaThread "stdout" daemon [_thread_in_native, id=3372, stack(0x0000000028880000,0x0000000028980000)]
  0x000000001f5b3800 JavaThread "stdout" daemon [_thread_in_native, id=1520, stack(0x0000000028780000,0x0000000028880000)]
  0x000000001f5b0800 JavaThread "stderr" daemon [_thread_in_native, id=7516, stack(0x0000000028680000,0x0000000028780000)]
  0x000000001f5b7800 JavaThread "stderr" daemon [_thread_in_native, id=11852, stack(0x00000000283a0000,0x00000000284a0000)]
  0x000000001f5af000 JavaThread "stderr" daemon [_thread_in_native, id=13644, stack(0x00000000282a0000,0x00000000283a0000)]
  0x000000001f5b0000 JavaThread "pool-19-thread-1" [_thread_blocked, id=15016, stack(0x0000000026f60000,0x0000000027060000)]
  0x000000001a2dd000 JavaThread "ForkJoinPool.commonPool-worker-3" daemon [_thread_blocked, id=5880, stack(0x0000000028580000,0x0000000028680000)]
  0x000000001a2d9800 JavaThread "ForkJoinPool.commonPool-worker-2" daemon [_thread_blocked, id=12240, stack(0x00000000271a0000,0x00000000272a0000)]
  0x0000000017444800 JavaThread "ForkJoinPool.commonPool-worker-1" daemon [_thread_blocked, id=12760, stack(0x0000000026c60000,0x0000000026d60000)]
  0x000000001a2d5800 JavaThread "Cache worker for Java compile cache (D:\Arkademy_FazTrack\week 5 bootcamp\project\TanyaKabar\android\.gradle\5.5\javaCompile)" [_thread_blocked, id=14728, stack(0x0000000026560000,0x0000000026660000)]
  0x000000001a2db800 JavaThread "Cache worker for Java compile cache (C:\Users\Mohammad Alviyan A\.gradle\caches\5.5\javaCompile)" [_thread_blocked, id=16364, stack(0x0000000026460000,0x0000000026560000)]
  0x000000001a2d8000 JavaThread "Cache worker for execution history cache (D:\Arkademy_FazTrack\week 5 bootcamp\project\TanyaKabar\android\.gradle\5.5\executionHistory)" [_thread_blocked, id=4088, stack(0x0000000026160000,0x0000000026260000)]
  0x000000001a2d0800 JavaThread "Execution worker for ':' Thread 3" [_thread_blocked, id=15240, stack(0x0000000026060000,0x0000000026160000)]
  0x000000001a2d3800 JavaThread "Execution worker for ':' Thread 2" [_thread_blocked, id=11888, stack(0x0000000022ce0000,0x0000000022de0000)]
  0x000000001a2d7000 JavaThread "Execution worker for ':'" [_thread_blocked, id=6248, stack(0x00000000227e0000,0x00000000228e0000)]
  0x000000001a2d2000 JavaThread "Cache worker for file content cache (D:\Arkademy_FazTrack\week 5 bootcamp\project\TanyaKabar\android\.gradle\5.5\fileContent)" [_thread_blocked, id=5740, stack(0x00000000220e0000,0x00000000221e0000)]
  0x000000001ef67000 JavaThread "Cache worker for Build Output Cleanup Cache (D:\Arkademy_FazTrack\week 5 bootcamp\project\TanyaKabar\android\.gradle\buildOutputCleanup)" [_thread_blocked, id=3608, stack(0x0000000021be0000,0x0000000021ce0000)]
  0x000000001ef68800 JavaThread "Build operations Thread 4" [_thread_blocked, id=8964, stack(0x0000000021ae0000,0x0000000021be0000)]
  0x000000001ef66800 JavaThread "Build operations Thread 3" [_thread_blocked, id=6152, stack(0x000000001fd70000,0x000000001fe70000)]
  0x000000001ef65000 JavaThread "Build operations Thread 2" [_thread_blocked, id=8148, stack(0x000000001fc70000,0x000000001fd70000)]
  0x000000001ef68000 JavaThread "Build operations" [_thread_blocked, id=17296, stack(0x000000001fb70000,0x000000001fc70000)]
  0x000000001ef6a000 JavaThread "Cache worker for cache directory md-rule (C:\Users\Mohammad Alviyan A\.gradle\caches\5.5\md-rule)" [_thread_blocked, id=15828, stack(0x000000001fa70000,0x000000001fb70000)]
  0x000000001ef5d800 JavaThread "Cache worker for cache directory md-supplier (C:\Users\Mohammad Alviyan A\.gradle\caches\5.5\md-supplier)" [_thread_blocked, id=13792, stack(0x000000001e6f0000,0x000000001e7f0000)]
  0x000000001ef63800 JavaThread "Cache worker for file hash cache (D:\Arkademy_FazTrack\week 5 bootcamp\project\TanyaKabar\android\.gradle\5.5\fileHashes)" [_thread_blocked, id=17120, stack(0x000000001e0e0000,0x000000001e1e0000)]
  0x000000001ef62000 JavaThread "Thread-315" [_thread_blocked, id=10572, stack(0x000000001cf70000,0x000000001d070000)]
  0x000000001ef61000 JavaThread "Stdin handler" [_thread_blocked, id=15284, stack(0x000000001b2a0000,0x000000001b3a0000)]
  0x000000001ef5f800 JavaThread "Asynchronous log dispatcher for DefaultDaemonConnection: socket connection from /127.0.0.1:61574 to /127.0.0.1:50264" [_thread_blocked, id=3996, stack(0x0000000018c00000,0x0000000018d00000)]
  0x000000001ef64000 JavaThread "Daemon worker Thread 16" [_thread_blocked, id=15424, stack(0x0000000018b00000,0x0000000018c00000)]
  0x000000001ef5c800 JavaThread "Cancel handler" [_thread_blocked, id=10624, stack(0x0000000018a00000,0x0000000018b00000)]
  0x000000001ef62800 JavaThread "Handler for socket connection from /127.0.0.1:61574 to /127.0.0.1:50264" [_thread_in_native, id=11148, stack(0x0000000018700000,0x0000000018800000)]
  0x000000001ef60800 JavaThread "Daemon Thread 16" [_thread_blocked, id=12676, stack(0x0000000018400000,0x0000000018500000)]
  0x0000000017449000 JavaThread "Device List Monitor" [_thread_in_native, id=10920, stack(0x0000000022be0000,0x0000000022ce0000)]
  0x000000001a2de800 JavaThread "Monitor" [_thread_in_native, id=13844, stack(0x0000000022ae0000,0x0000000022be0000)]
  0x000000001a2dc800 JavaThread "Cache worker for file content cache (C:\Users\Mohammad Alviyan A\.gradle\caches\5.5\fileContent)" [_thread_blocked, id=5876, stack(0x00000000219e0000,0x0000000021ae0000)]
  0x000000001a2d4000 JavaThread "Memory manager" [_thread_blocked, id=6636, stack(0x0000000021470000,0x0000000021570000)]
  0x000000001a2d5000 JavaThread "Cache worker for execution history cache (C:\Users\Mohammad Alviyan A\.gradle\caches\5.5\executionHistory)" [_thread_blocked, id=12996, stack(0x000000001e1e0000,0x000000001e2e0000)]
  0x0000000017445000 JavaThread "Cache worker for journal cache (C:\Users\Mohammad Alviyan A\.gradle\caches\journal-1)" [_thread_blocked, id=11348, stack(0x0000000018f00000,0x0000000019000000)]
  0x0000000017446000 JavaThread "File lock request listener" [_thread_in_native, id=12832, stack(0x0000000018e00000,0x0000000018f00000)]
  0x0000000017443800 JavaThread "Cache worker for file hash cache (C:\Users\Mohammad Alviyan A\.gradle\caches\5.5\fileHashes)" [_thread_blocked, id=15756, stack(0x0000000018d00000,0x0000000018e00000)]
  0x0000000016f81000 JavaThread "Daemon periodic checks" [_thread_blocked, id=7496, stack(0x0000000018300000,0x0000000018400000)]
  0x0000000016c4c800 JavaThread "Incoming local TCP Connector on port 61574" [_thread_in_native, id=15308, stack(0x00000000180c0000,0x00000000181c0000)]
  0x0000000015ff6800 JavaThread "Daemon health stats" [_thread_blocked, id=15564, stack(0x0000000017a80000,0x0000000017b80000)]
  0x00000000143be000 JavaThread "Service Thread" daemon [_thread_blocked, id=14132, stack(0x00000000160b0000,0x00000000161b0000)]
  0x000000001436e800 JavaThread "C1 CompilerThread2" daemon [_thread_blocked, id=2136, stack(0x0000000015bb0000,0x0000000015cb0000)]
  0x0000000014365800 JavaThread "C2 CompilerThread1" daemon [_thread_blocked, id=10616, stack(0x0000000015ab0000,0x0000000015bb0000)]
=>0x0000000014361800 JavaThread "C2 CompilerThread0" daemon [_thread_in_native, id=13984, stack(0x00000000159b0000,0x0000000015ab0000)]
  0x000000001435f800 JavaThread "Attach Listener" daemon [_thread_blocked, id=4536, stack(0x00000000158b0000,0x00000000159b0000)]
  0x000000001435e800 JavaThread "Signal Dispatcher" daemon [_thread_blocked, id=16636, stack(0x00000000157b0000,0x00000000158b0000)]
  0x0000000002f3d000 JavaThread "Finalizer" daemon [_thread_blocked, id=7860, stack(0x00000000155b0000,0x00000000156b0000)]
  0x000000001434a000 JavaThread "Reference Handler" daemon [_thread_blocked, id=10020, stack(0x00000000154b0000,0x00000000155b0000)]
  0x0000000002e42800 JavaThread "main" [_thread_blocked, id=13544, stack(0x0000000002d40000,0x0000000002e40000)]

Other Threads:
  0x0000000014328000 VMThread [stack: 0x00000000153b0000,0x00000000154b0000] [id=11584]
  0x0000000015cf6800 WatcherThread [stack: 0x00000000161b0000,0x00000000162b0000] [id=3076]

VM state:not at safepoint (normal execution)

VM Mutex/Monitor currently owned by a thread: None

heap address: 0x00000000e0000000, size: 512 MB, Compressed Oops mode: 32-bit
Narrow klass base: 0x0000000000000000, Narrow klass shift: 3
Compressed class space size: 1073741824 Address: 0x0000000100000000

Heap:
 PSYoungGen      total 147968K, used 70322K [0x00000000f5580000, 0x00000000fff80000, 0x0000000100000000)
  eden space 121856K, 44% used [0x00000000f5580000,0x00000000f8a48680,0x00000000fcc80000)
  from space 26112K, 62% used [0x00000000fcc80000,0x00000000fdc641b0,0x00000000fe600000)
  to   space 26112K, 0% used [0x00000000fe600000,0x00000000fe600000,0x00000000fff80000)
 ParOldGen       total 175104K, used 151501K [0x00000000e0000000, 0x00000000eab00000, 0x00000000f5580000)
  object space 175104K, 86% used [0x00000000e0000000,0x00000000e93f3698,0x00000000eab00000)
 Metaspace       used 109481K, capacity 117506K, committed 117680K, reserved 1150976K
  class space    used 14219K, capacity 15921K, committed 16048K, reserved 1048576K

Card table byte_map: [0x0000000012300000,0x0000000012410000] byte_map_base: 0x0000000011c00000

Marking Bits: (ParMarkBitMap*) 0x00000000588b5ce0
 Begin Bits: [0x00000000128c0000, 0x00000000130c0000)
 End Bits:   [0x00000000130c0000, 0x00000000138c0000)

Polling page: 0x0000000001480000

CodeCache: size=245760Kb used=75646Kb max_used=77506Kb free=170113Kb
 bounds [0x0000000002f40000, 0x0000000007b70000, 0x0000000011f40000]
 total_blobs=21619 nmethods=20707 adapters=823
 compilation: enabled

Compilation events (10 events):
Event: 36052.911 Thread 0x000000001436e800 nmethod 27186 0x0000000006ec9490 code [0x0000000006ec9a40, 0x0000000006ecc6b8]
Event: 36053.204 Thread 0x000000001436e800 27190       3       sun.nio.cs.UTF_8$Encoder::encodeArrayLoop (489 bytes)
Event: 36053.212 Thread 0x000000001436e800 nmethod 27190 0x0000000006b75510 code [0x0000000006b75a60, 0x0000000006b79048]
Event: 36053.483 Thread 0x0000000014361800 nmethod 27184 0x0000000006d32f10 code [0x0000000006d33680, 0x0000000006d39a80]
Event: 36053.485 Thread 0x0000000014361800 27189       4       com.android.utils.XmlUtils::append (540 bytes)
Event: 36053.540 Thread 0x0000000014365800 nmethod 27161 0x00000000071516d0 code [0x0000000007152160, 0x000000000715c8f8]
Event: 36053.543 Thread 0x0000000014365800 27191       4       sun.nio.cs.UTF_8$Encoder::encodeArrayLoop (489 bytes)
Event: 36053.578 Thread 0x0000000014365800 nmethod 27191 0x0000000006f8ff10 code [0x0000000006f900c0, 0x0000000006f90fd8]
Event: 36053.580 Thread 0x0000000014365800 27185       4       com.sun.org.apache.xerces.internal.dom.CoreDocumentImpl::createElement (47 bytes)
Event: 36053.592 Thread 0x0000000014365800 nmethod 27185 0x0000000006e7b6d0 code [0x0000000006e7b820, 0x0000000006e7bbd8]

GC Heap History (10 events):
Event: 35994.748 GC heap before
{Heap before GC invocations=66 (full 5):
 PSYoungGen      total 145408K, used 134411K [0x00000000f5580000, 0x00000000ffd80000, 0x0000000100000000)
  eden space 121856K, 100% used [0x00000000f5580000,0x00000000fcc80000,0x00000000fcc80000)
  from space 23552K, 53% used [0x00000000fe680000,0x00000000ff2c2c88,0x00000000ffd80000)
  to   space 25088K, 0% used [0x00000000fcc80000,0x00000000fcc80000,0x00000000fe500000)
 ParOldGen       total 175104K, used 126338K [0x00000000e0000000, 0x00000000eab00000, 0x00000000f5580000)
  object space 175104K, 72% used [0x00000000e0000000,0x00000000e7b60b30,0x00000000eab00000)
 Metaspace       used 107916K, capacity 115794K, committed 115888K, reserved 1148928K
  class space    used 14091K, capacity 15779K, committed 15792K, reserved 1048576K
Event: 35995.455 GC heap after
Heap after GC invocations=66 (full 5):
 PSYoungGen      total 146944K, used 18548K [0x00000000f5580000, 0x0000000100000000, 0x0000000100000000)
  eden space 121856K, 0% used [0x00000000f5580000,0x00000000f5580000,0x00000000fcc80000)
  from space 25088K, 73% used [0x00000000fcc80000,0x00000000fde9d050,0x00000000fe500000)
  to   space 26112K, 0% used [0x00000000fe680000,0x00000000fe680000,0x0000000100000000)
 ParOldGen       total 175104K, used 130696K [0x00000000e0000000, 0x00000000eab00000, 0x00000000f5580000)
  object space 175104K, 74% used [0x00000000e0000000,0x00000000e7fa2038,0x00000000eab00000)
 Metaspace       used 107916K, capacity 115794K, committed 115888K, reserved 1148928K
  class space    used 14091K, capacity 15779K, committed 15792K, reserved 1048576K
}
Event: 36014.236 GC heap before
{Heap before GC invocations=67 (full 5):
 PSYoungGen      total 146944K, used 140404K [0x00000000f5580000, 0x0000000100000000, 0x0000000100000000)
  eden space 121856K, 100% used [0x00000000f5580000,0x00000000fcc80000,0x00000000fcc80000)
  from space 25088K, 73% used [0x00000000fcc80000,0x00000000fde9d050,0x00000000fe500000)
  to   space 26112K, 0% used [0x00000000fe680000,0x00000000fe680000,0x0000000100000000)
 ParOldGen       total 175104K, used 130696K [0x00000000e0000000, 0x00000000eab00000, 0x00000000f5580000)
  object space 175104K, 74% used [0x00000000e0000000,0x00000000e7fa2038,0x00000000eab00000)
 Metaspace       used 108171K, capacity 116086K, committed 116144K, reserved 1148928K
  class space    used 14095K, capacity 15785K, committed 15792K, reserved 1048576K
Event: 36015.240 GC heap after
Heap after GC invocations=67 (full 5):
 PSYoungGen      total 148992K, used 13701K [0x00000000f5580000, 0x0000000100000000, 0x0000000100000000)
  eden space 122880K, 0% used [0x00000000f5580000,0x00000000f5580000,0x00000000fcd80000)
  from space 26112K, 52% used [0x00000000fe680000,0x00000000ff3e1750,0x0000000100000000)
  to   space 25600K, 0% used [0x00000000fcd80000,0x00000000fcd80000,0x00000000fe680000)
 ParOldGen       total 175104K, used 137795K [0x00000000e0000000, 0x00000000eab00000, 0x00000000f5580000)
  object space 175104K, 78% used [0x00000000e0000000,0x00000000e8690d10,0x00000000eab00000)
 Metaspace       used 108171K, capacity 116086K, committed 116144K, reserved 1148928K
  class space    used 14095K, capacity 15785K, committed 15792K, reserved 1048576K
}
Event: 36026.540 GC heap before
{Heap before GC invocations=68 (full 5):
 PSYoungGen      total 148992K, used 136581K [0x00000000f5580000, 0x0000000100000000, 0x0000000100000000)
  eden space 122880K, 100% used [0x00000000f5580000,0x00000000fcd80000,0x00000000fcd80000)
  from space 26112K, 52% used [0x00000000fe680000,0x00000000ff3e1750,0x0000000100000000)
  to   space 25600K, 0% used [0x00000000fcd80000,0x00000000fcd80000,0x00000000fe680000)
 ParOldGen       total 175104K, used 137795K [0x00000000e0000000, 0x00000000eab00000, 0x00000000f5580000)
  object space 175104K, 78% used [0x00000000e0000000,0x00000000e8690d10,0x00000000eab00000)
 Metaspace       used 108311K, capacity 116220K, committed 116400K, reserved 1150976K
  class space    used 14097K, capacity 15786K, committed 15792K, reserved 1048576K
Event: 36026.814 GC heap after
Heap after GC invocations=68 (full 5):
 PSYoungGen      total 141824K, used 18529K [0x00000000f5580000, 0x0000000100000000, 0x0000000100000000)
  eden space 122880K, 0% used [0x00000000f5580000,0x00000000f5580000,0x00000000fcd80000)
  from space 18944K, 97% used [0x00000000fcd80000,0x00000000fdf98670,0x00000000fe000000)
  to   space 26624K, 0% used [0x00000000fe600000,0x00000000fe600000,0x0000000100000000)
 ParOldGen       total 175104K, used 145627K [0x00000000e0000000, 0x00000000eab00000, 0x00000000f5580000)
  object space 175104K, 83% used [0x00000000e0000000,0x00000000e8e36e78,0x00000000eab00000)
 Metaspace       used 108311K, capacity 116220K, committed 116400K, reserved 1150976K
  class space    used 14097K, capacity 15786K, committed 15792K, reserved 1048576K
}
Event: 36036.820 GC heap before
{Heap before GC invocations=69 (full 5):
 PSYoungGen      total 141824K, used 141409K [0x00000000f5580000, 0x0000000100000000, 0x0000000100000000)
  eden space 122880K, 100% used [0x00000000f5580000,0x00000000fcd80000,0x00000000fcd80000)
  from space 18944K, 97% used [0x00000000fcd80000,0x00000000fdf98670,0x00000000fe000000)
  to   space 26624K, 0% used [0x00000000fe600000,0x00000000fe600000,0x0000000100000000)
 ParOldGen       total 175104K, used 145627K [0x00000000e0000000, 0x00000000eab00000, 0x00000000f5580000)
  object space 175104K, 83% used [0x00000000e0000000,0x00000000e8e36e78,0x00000000eab00000)
 Metaspace       used 108442K, capacity 116406K, committed 116784K, reserved 1150976K
  class space    used 14104K, capacity 15795K, committed 15920K, reserved 1048576K
Event: 36036.878 GC heap after
Heap after GC invocations=69 (full 5):
 PSYoungGen      total 148480K, used 6307K [0x00000000f5580000, 0x0000000100000000, 0x0000000100000000)
  eden space 121856K, 0% used [0x00000000f5580000,0x00000000f5580000,0x00000000fcc80000)
  from space 26624K, 23% used [0x00000000fe600000,0x00000000fec28e40,0x0000000100000000)
  to   space 26112K, 0% used [0x00000000fcc80000,0x00000000fcc80000,0x00000000fe600000)
 ParOldGen       total 175104K, used 150735K [0x00000000e0000000, 0x00000000eab00000, 0x00000000f5580000)
  object space 175104K, 86% used [0x00000000e0000000,0x00000000e9333c08,0x00000000eab00000)
 Metaspace       used 108442K, capacity 116406K, committed 116784K, reserved 1150976K
  class space    used 14104K, capacity 15795K, committed 15920K, reserved 1048576K
}
Event: 36046.694 GC heap before
{Heap before GC invocations=70 (full 5):
 PSYoungGen      total 148480K, used 128163K [0x00000000f5580000, 0x0000000100000000, 0x0000000100000000)
  eden space 121856K, 100% used [0x00000000f5580000,0x00000000fcc80000,0x00000000fcc80000)
  from space 26624K, 23% used [0x00000000fe600000,0x00000000fec28e40,0x0000000100000000)
  to   space 26112K, 0% used [0x00000000fcc80000,0x00000000fcc80000,0x00000000fe600000)
 ParOldGen       total 175104K, used 150735K [0x00000000e0000000, 0x00000000eab00000, 0x00000000f5580000)
  object space 175104K, 86% used [0x00000000e0000000,0x00000000e9333c08,0x00000000eab00000)
 Metaspace       used 109181K, capacity 117212K, committed 117296K, reserved 1150976K
  class space    used 14189K, capacity 15888K, committed 15920K, reserved 1048576K
Event: 36046.733 GC heap after
Heap after GC invocations=70 (full 5):
 PSYoungGen      total 147968K, used 16272K [0x00000000f5580000, 0x00000000fff80000, 0x0000000100000000)
  eden space 121856K, 0% used [0x00000000f5580000,0x00000000f5580000,0x00000000fcc80000)
  from space 26112K, 62% used [0x00000000fcc80000,0x00000000fdc641b0,0x00000000fe600000)
  to   space 26112K, 0% used [0x00000000fe600000,0x00000000fe600000,0x00000000fff80000)
 ParOldGen       total 175104K, used 151501K [0x00000000e0000000, 0x00000000eab00000, 0x00000000f5580000)
  object space 175104K, 86% used [0x00000000e0000000,0x00000000e93f3698,0x00000000eab00000)
 Metaspace       used 109181K, capacity 117212K, committed 117296K, reserved 1150976K
  class space    used 14189K, capacity 15888K, committed 15920K, reserved 1048576K
}

Deoptimization events (10 events):
Event: 36052.548 Thread 0x000000001a2d7000 Uncommon trap: reason=bimorphic action=maybe_recompile pc=0x0000000007b2e57c method=com.android.ide.common.resources.NodeUtils.updateNamespace(Lorg/w3c/dom/Node;Lorg/w3c/dom/Document;)V @ 119
Event: 36052.565 Thread 0x000000001a2d7000 Uncommon trap: reason=class_check action=maybe_recompile pc=0x0000000007ab1df4 method=com.sun.org.apache.xerces.internal.dom.ElementImpl.getAttributes()Lorg/w3c/dom/NamedNodeMap; @ 8
Event: 36052.565 Thread 0x000000001a2d7000 Uncommon trap: reason=class_check action=maybe_recompile pc=0x0000000007ab1df4 method=com.sun.org.apache.xerces.internal.dom.ElementImpl.getAttributes()Lorg/w3c/dom/NamedNodeMap; @ 8
Event: 36052.565 Thread 0x000000001a2d7000 Uncommon trap: reason=class_check action=maybe_recompile pc=0x0000000007ab1df4 method=com.sun.org.apache.xerces.internal.dom.ElementImpl.getAttributes()Lorg/w3c/dom/NamedNodeMap; @ 8
Event: 36052.565 Thread 0x000000001a2d7000 Uncommon trap: reason=class_check action=maybe_recompile pc=0x0000000007ab1df4 method=com.sun.org.apache.xerces.internal.dom.ElementImpl.getAttributes()Lorg/w3c/dom/NamedNodeMap; @ 8
Event: 36052.904 Thread 0x000000001a2d7000 Uncommon trap: reason=unstable_if action=reinterpret pc=0x0000000007b1502c method=com.android.utils.XmlUtils.append(Lcom/android/utils/XmlUtils$PositionAwareStringBuilder;Lorg/w3c/dom/Node;Ljava/util/Map;)V @ 450
Event: 36052.904 Thread 0x000000001a2d7000 Uncommon trap: reason=unstable_if action=reinterpret pc=0x0000000007b1502c method=com.android.utils.XmlUtils.append(Lcom/android/utils/XmlUtils$PositionAwareStringBuilder;Lorg/w3c/dom/Node;Ljava/util/Map;)V @ 450
Event: 36053.195 Thread 0x000000001a2d7000 Uncommon trap: reason=unstable_if action=reinterpret pc=0x0000000007b1502c method=com.android.utils.XmlUtils.append(Lcom/android/utils/XmlUtils$PositionAwareStringBuilder;Lorg/w3c/dom/Node;Ljava/util/Map;)V @ 450
Event: 36053.204 Thread 0x000000001a2d7000 Uncommon trap: reason=unstable_if action=reinterpret pc=0x0000000006180894 method=sun.nio.cs.UTF_8$Encoder.encodeArrayLoop(Ljava/nio/CharBuffer;Ljava/nio/ByteBuffer;)Ljava/nio/charset/CoderResult; @ 175
Event: 36053.243 Thread 0x000000001a2d7000 Uncommon trap: reason=unstable_if action=reinterpret pc=0x0000000006bb20d8 method=sun.nio.cs.UTF_8$Encoder.encodeArrayLoop(Ljava/nio/CharBuffer;Ljava/nio/ByteBuffer;)Ljava/nio/charset/CoderResult; @ 400

Classes redefined (0 events):
No events

Internal exceptions (10 events):
Event: 36039.243 Thread 0x000000001a2d7000 Exception <a 'sun/nio/fs/WindowsException'> (0x00000000f7aa5188) thrown at [C:\re\workspace\8-2-build-windows-amd64-cygwin\jdk8u221\13320\hotspot\src\share\vm\prims\jni.cpp, line 710]
Event: 36039.244 Thread 0x000000001a2d7000 Exception <a 'sun/nio/fs/WindowsException'> (0x00000000f7aa6598) thrown at [C:\re\workspace\8-2-build-windows-amd64-cygwin\jdk8u221\13320\hotspot\src\share\vm\prims\jni.cpp, line 710]
Event: 36044.826 Thread 0x000000001a2d7000 Implicit null exception at 0x0000000007a89acd to 0x0000000007a8a095
Event: 36045.824 Thread 0x000000001a2d7000 Implicit null exception at 0x0000000007acf19a to 0x0000000007acfcc5
Event: 36048.005 Thread 0x000000001a2d7000 Implicit null exception at 0x0000000007ad2cc6 to 0x0000000007ad3817
Event: 36048.721 Thread 0x000000001a2d7000 Implicit null exception at 0x0000000006afed17 to 0x0000000006aff075
Event: 36048.734 Thread 0x000000001a2d7000 Implicit null exception at 0x0000000006fae407 to 0x0000000006fb01a5
Event: 36052.903 Thread 0x000000001a2d7000 Implicit null exception at 0x0000000007b174f3 to 0x0000000007b14ffd
Event: 36052.904 Thread 0x000000001a2d7000 Implicit null exception at 0x0000000007b174f3 to 0x0000000007b14ffd
Event: 36053.195 Thread 0x000000001a2d7000 Implicit null exception at 0x0000000007b174f3 to 0x0000000007b14ffd

Events (10 events):
Event: 36053.616 loading class com/android/builder/internal/aapt/v2/Aapt2DaemonManager$LeasedAaptDaemon
Event: 36053.616 loading class com/android/builder/internal/aapt/v2/Aapt2DaemonManager$LeasedAaptDaemon done
Event: 36053.616 loading class com/android/builder/internal/aapt/CloseableBlockingResourceLinker
Event: 36053.616 loading class com/android/builder/internal/aapt/CloseableBlockingResourceLinker done
Event: 36053.617 loading class com/android/builder/internal/aapt/v2/Aapt2DaemonManager$leaseDaemon$1
Event: 36053.617 loading class com/android/builder/internal/aapt/v2/Aapt2DaemonManager$leaseDaemon$1 done
Event: 36053.618 loading class com/android/builder/internal/aapt/v2/Aapt2Daemon$WhenMappings
Event: 36053.618 loading class com/android/builder/internal/aapt/v2/Aapt2Daemon$WhenMappings done
Event: 36053.618 loading class com/android/builder/internal/aapt/v2/Aapt2DaemonImpl$WaitForReadyOnStdOut
Event: 36053.618 loading class com/android/builder/internal/aapt/v2/Aapt2DaemonImpl$WaitForReadyOnStdOut done


Dynamic libraries:
0x00007ff68edf0000 - 0x00007ff68ee27000 	C:\Program Files\Java\jdk1.8.0_221\bin\java.exe
0x00007ffc13c40000 - 0x00007ffc13e30000 	C:\WINDOWS\SYSTEM32\ntdll.dll
0x00007ffc0cad0000 - 0x00007ffc0cae4000 	C:\Program Files\AVAST Software\Avast\aswhook.dll
0x00007ffc12170000 - 0x00007ffc12222000 	C:\WINDOWS\System32\KERNEL32.DLL
0x00007ffc10eb0000 - 0x00007ffc11153000 	C:\WINDOWS\System32\KERNELBASE.dll
0x00007ffc139b0000 - 0x00007ffc13a53000 	C:\WINDOWS\System32\ADVAPI32.dll
0x00007ffc11f50000 - 0x00007ffc11fee000 	C:\WINDOWS\System32\msvcrt.dll
0x00007ffc138e0000 - 0x00007ffc13977000 	C:\WINDOWS\System32\sechost.dll
0x00007ffc12cf0000 - 0x00007ffc12e10000 	C:\WINDOWS\System32\RPCRT4.dll
0x00007ffc12f70000 - 0x00007ffc13104000 	C:\WINDOWS\System32\USER32.dll
0x00007ffc11160000 - 0x00007ffc11181000 	C:\WINDOWS\System32\win32u.dll
0x00007ffc13980000 - 0x00007ffc139a6000 	C:\WINDOWS\System32\GDI32.dll
0x00007ffc113b0000 - 0x00007ffc11544000 	C:\WINDOWS\System32\gdi32full.dll
0x00007ffc11290000 - 0x00007ffc1132e000 	C:\WINDOWS\System32\msvcp_win.dll
0x00007ffc11190000 - 0x00007ffc1128a000 	C:\WINDOWS\System32\ucrtbase.dll
0x00007ffbf9690000 - 0x00007ffbf9915000 	C:\WINDOWS\WinSxS\amd64_microsoft.windows.common-controls_6595b64144ccf1df_6.0.18362.449_none_e6c7b265130c70a7\COMCTL32.dll
0x00007ffc13130000 - 0x00007ffc13466000 	C:\WINDOWS\System32\combase.dll
0x00007ffc11330000 - 0x00007ffc113b0000 	C:\WINDOWS\System32\bcryptPrimitives.dll
0x00007ffc11de0000 - 0x00007ffc11e0e000 	C:\WINDOWS\System32\IMM32.DLL
0x0000000059260000 - 0x0000000059332000 	C:\Program Files\Java\jdk1.8.0_221\jre\bin\msvcr100.dll
0x0000000058090000 - 0x0000000058935000 	C:\Program Files\Java\jdk1.8.0_221\jre\bin\server\jvm.dll
0x00007ffc11dd0000 - 0x00007ffc11dd8000 	C:\WINDOWS\System32\PSAPI.DLL
0x00007ffc00fe0000 - 0x00007ffc00fe9000 	C:\WINDOWS\SYSTEM32\WSOCK32.dll
0x00007ffc12100000 - 0x00007ffc1216f000 	C:\WINDOWS\System32\WS2_32.dll
0x00007ffc0cdf0000 - 0x00007ffc0ce14000 	C:\WINDOWS\SYSTEM32\WINMM.dll
0x00007ffc05e20000 - 0x00007ffc05e2a000 	C:\WINDOWS\SYSTEM32\VERSION.dll
0x00007ffc0cdc0000 - 0x00007ffc0cded000 	C:\WINDOWS\SYSTEM32\WINMMBASE.dll
0x00007ffc11600000 - 0x00007ffc1164a000 	C:\WINDOWS\System32\cfgmgr32.dll
0x00007ffc03960000 - 0x00007ffc0396f000 	C:\Program Files\Java\jdk1.8.0_221\jre\bin\verify.dll
0x00007ffbe4950000 - 0x00007ffbe4979000 	C:\Program Files\Java\jdk1.8.0_221\jre\bin\java.dll
0x00007ffbeed80000 - 0x00007ffbeed96000 	C:\Program Files\Java\jdk1.8.0_221\jre\bin\zip.dll
0x00007ffc12230000 - 0x00007ffc12915000 	C:\WINDOWS\System32\SHELL32.dll
0x00007ffc11ff0000 - 0x00007ffc12099000 	C:\WINDOWS\System32\shcore.dll
0x00007ffc11650000 - 0x00007ffc11dce000 	C:\WINDOWS\System32\windows.storage.dll
0x00007ffc10c00000 - 0x00007ffc10c1f000 	C:\WINDOWS\System32\profapi.dll
0x00007ffc10c20000 - 0x00007ffc10c6a000 	C:\WINDOWS\System32\powrprof.dll
0x00007ffc10bf0000 - 0x00007ffc10c00000 	C:\WINDOWS\System32\UMPDC.dll
0x00007ffc13a60000 - 0x00007ffc13ab2000 	C:\WINDOWS\System32\shlwapi.dll
0x00007ffc10c70000 - 0x00007ffc10c81000 	C:\WINDOWS\System32\kernel.appcore.dll
0x00007ffc10e90000 - 0x00007ffc10ea7000 	C:\WINDOWS\System32\cryptsp.dll
0x00007ffbe8aa0000 - 0x00007ffbe8aba000 	C:\Program Files\Java\jdk1.8.0_221\jre\bin\net.dll
0x00007ffc02440000 - 0x00007ffc02616000 	C:\WINDOWS\SYSTEM32\urlmon.dll
0x00007ffc02850000 - 0x00007ffc02af6000 	C:\WINDOWS\SYSTEM32\iertutil.dll
0x00007ffc10630000 - 0x00007ffc1063c000 	C:\WINDOWS\SYSTEM32\CRYPTBASE.DLL
0x00007ffc10460000 - 0x00007ffc104c7000 	C:\WINDOWS\system32\mswsock.dll
0x00007ffbe7c10000 - 0x00007ffbe7c22000 	C:\Program Files\Java\jdk1.8.0_221\jre\bin\nio.dll
0x00007ffbe4850000 - 0x00007ffbe4876000 	C:\Users\Mohammad Alviyan A\.gradle\native\29\windows-amd64\native-platform.dll
0x00007ffc02330000 - 0x00007ffc0233d000 	C:\Program Files\Java\jdk1.8.0_221\jre\bin\management.dll
0x00007ffc0ffd0000 - 0x00007ffc10003000 	C:\WINDOWS\system32\rsaenh.dll
0x00007ffc10e60000 - 0x00007ffc10e86000 	C:\WINDOWS\System32\bcrypt.dll
0x00007ffc10ae0000 - 0x00007ffc10b05000 	C:\WINDOWS\SYSTEM32\USERENV.dll
0x00007ffc10170000 - 0x00007ffc101aa000 	C:\WINDOWS\SYSTEM32\IPHLPAPI.DLL
0x00007ffc13120000 - 0x00007ffc13128000 	C:\WINDOWS\System32\NSI.dll
0x00007ffc05f80000 - 0x00007ffc05f96000 	C:\WINDOWS\SYSTEM32\dhcpcsvc6.DLL
0x00007ffc06610000 - 0x00007ffc0662c000 	C:\WINDOWS\SYSTEM32\dhcpcsvc.DLL
0x00007ffc101c0000 - 0x00007ffc1028a000 	C:\WINDOWS\SYSTEM32\DNSAPI.dll
0x00007ffbe8980000 - 0x00007ffbe89a4000 	C:\Program Files\Java\jdk1.8.0_221\jre\bin\sunec.dll
0x00007ffc073c0000 - 0x00007ffc073ca000 	C:\Windows\System32\rasadhlp.dll
0x00007ffc05ea0000 - 0x00007ffc05f17000 	C:\WINDOWS\System32\fwpuclnt.dll
0x00007ffbfd940000 - 0x00007ffbfd94b000 	C:\Program Files\Java\jdk1.8.0_221\jre\bin\sunmscapi.dll
0x00007ffc10d10000 - 0x00007ffc10e59000 	C:\WINDOWS\System32\CRYPT32.dll
0x00007ffc10c90000 - 0x00007ffc10ca2000 	C:\WINDOWS\System32\MSASN1.dll
0x00007ffc0fc50000 - 0x00007ffc0fc81000 	C:\WINDOWS\SYSTEM32\ntmarta.dll

VM Arguments:
jvm_args: -XX:MaxMetaspaceSize=256m -XX:+HeapDumpOnOutOfMemoryError -Xms256m -Xmx512m -Dfile.encoding=windows-1252 -Duser.country=GB -Duser.language=en -Duser.variant 
java_command: org.gradle.launcher.daemon.bootstrap.GradleDaemon 5.5
java_class_path (initial): C:\Users\Mohammad Alviyan A\.gradle\wrapper\dists\gradle-5.5-all\byeise1led9a3w3p149d02kfj\gradle-5.5\lib\gradle-launcher-5.5.jar
Launcher Type: SUN_STANDARD

Environment Variables:
JAVA_HOME=C:\Program Files\Java\jdk1.8.0_221
CLASSPATH=D:\Arkademy_FazTrack\week 5 bootcamp\project\TanyaKabar\android\\gradle\wrapper\gradle-wrapper.jar
PATH=C:\Python27\;C:\Python27\Scripts;C:\ProgramData\Oracle\Java\javapath;C:\WINDOWS\system32;C:\WINDOWS;C:\WINDOWS\System32\Wbem;C:\WINDOWS\System32\WindowsPowerShell\v1.0\;C:\Program Files (x86)\ATI Technologies\ATI.ACE\Core-Static;C:\Program Files (x86)\Git\cmd;C:\WINDOWS\System32\OpenSSH\;C:\Program Files (x86)\AMD\ATI.ACE\Core-Static;C:\xampp\php;C:\ProgramData\ComposerSetup\bin;C:\ProgramData\chocolatey\bin;C:\Program Files\Java\jdk1.8.0_221\bin;C:\Program Files\nodejs\;C:\Users\Mohammad Alviyan A\AppData\Local\Programs\Microsoft VS Code\bin;C:\Users\Mohammad Alviyan A\AppData\Local\Microsoft\WindowsApps;C:\Users\Mohammad Alviyan A\AppData\Roaming\Composer\vendor\bin;C:\Users\Mohammad Alviyan A\AppData\Local\Android\Sdk\platform-tools;C:\Users\Mohammad Alviyan A\AppData\Roaming\npm
USERNAME=Mohammad Alviyan A
OS=Windows_NT
PROCESSOR_IDENTIFIER=Intel64 Family 6 Model 69 Stepping 1, GenuineIntel



---------------  S Y S T E M  ---------------

OS: Windows 10.0 , 64 bit Build 18362 (10.0.18362.329)

CPU:total 4 (initial active 4) (2 cores per cpu, 2 threads per core) family 6 model 69 stepping 1, cmov, cx8, fxsr, mmx, sse, sse2, sse3, ssse3, sse4.1, sse4.2, popcnt, avx, avx2, aes, clmul, erms, lzcnt, ht, tsc, tscinvbit, bmi1, bmi2

Memory: 4k page, physical 4113368k(315984k free), swap 16696280k(50924k free)

vm_info: Java HotSpot(TM) 64-Bit Server VM (25.221-b11) for windows-amd64 JRE (1.8.0_221-b11), built on Jul  4 2019 04:39:29 by "java_re" with MS VC++ 10.0 (VS2010)

time: Sat Nov 16 05:30:11 2019
timezone: SE Asia Standard Time
elapsed time: 36055 seconds (0d 10h 0m 55s)

